2022-08-08 13:17:46,126 [Worker-3: Loading available Gradle versions] INFO  o.e.b.c.i.u.g.PublishedGradleVersions - Gradle version information cache is up-to-date. Trying to read.
2022-08-08 13:24:21,097 [Worker-0: Loading available Gradle versions] INFO  o.e.b.c.i.u.g.PublishedGradleVersions - Gradle version information cache is up-to-date. Trying to read.
2022-08-08 14:45:02,906 [Worker-20: Loading available Gradle versions] INFO  o.e.b.c.i.u.g.PublishedGradleVersions - Gradle version information cache is out-of-date. Trying to update.
2022-08-09 18:30:59,838 [Worker-3: Loading available Gradle versions] INFO  o.e.b.c.i.u.g.PublishedGradleVersions - Gradle version information cache is out-of-date. Trying to update.
2022-08-09 20:12:44,969 [Worker-4: Loading available Gradle versions] INFO  o.e.b.c.i.u.g.PublishedGradleVersions - Gradle version information cache is up-to-date. Trying to read.
2022-08-09 20:14:38,840 [Worker-3: Loading available Gradle versions] INFO  o.e.b.c.i.u.g.PublishedGradleVersions - Gradle version information cache is up-to-date. Trying to read.
2022-08-09 20:17:49,540 [Worker-27: Update Maven projects configuration] INFO  o.e.m.c.i.p.ProjectConfigurationManager - Update started
2022-08-09 20:17:55,484 [Worker-27: Update Maven projects configuration] INFO  o.e.m.c.i.l.LifecycleMappingFactory - Using org.eclipse.m2e.jdt.JarLifecycleMapping lifecycle mapping for MavenProject: com.mycompany.dimensaodatela:DimensaoDaTela:1.0-SNAPSHOT @ C:\Users\Tales\Documents\GitHub\Eclipse-Workspace\DimensaoDaTela\pom.xml.
2022-08-09 20:17:55,915 [Worker-27: Update Maven projects configuration] INFO  o.e.m.c.i.e.AbstractTransferListenerAdapter - Downloading https://repo.maven.apache.org/maven2/org/apache/maven/plugins/maven-jar-plugin/2.4/maven-jar-plugin-2.4.pom
2022-08-09 20:17:55,936 [Worker-27: Update Maven projects configuration] INFO  o.e.m.c.i.e.AbstractTransferListenerAdapter - Downloaded https://repo.maven.apache.org/maven2/org/apache/maven/plugins/maven-jar-plugin/2.4/maven-jar-plugin-2.4.pom
2022-08-09 20:17:56,048 [Worker-27: Update Maven projects configuration] INFO  o.e.m.c.i.e.AbstractTransferListenerAdapter - Downloading https://repo.maven.apache.org/maven2/org/apache/maven/maven-archiver/2.5/maven-archiver-2.5.pom
2022-08-09 20:17:56,063 [Worker-27: Update Maven projects configuration] INFO  o.e.m.c.i.e.AbstractTransferListenerAdapter - Downloaded https://repo.maven.apache.org/maven2/org/apache/maven/maven-archiver/2.5/maven-archiver-2.5.pom
2022-08-09 20:17:56,122 [Worker-27: Update Maven projects configuration] INFO  o.e.m.c.i.e.AbstractTransferListenerAdapter - Downloading https://repo.maven.apache.org/maven2/org/codehaus/plexus/plexus-archiver/2.1/plexus-archiver-2.1.pom
2022-08-09 20:17:56,136 [Worker-27: Update Maven projects configuration] INFO  o.e.m.c.i.e.AbstractTransferListenerAdapter - Downloaded https://repo.maven.apache.org/maven2/org/codehaus/plexus/plexus-archiver/2.1/plexus-archiver-2.1.pom
2022-08-09 20:17:56,174 [Worker-27: Update Maven projects configuration] INFO  o.e.m.c.i.e.AbstractTransferListenerAdapter - Downloading https://repo.maven.apache.org/maven2/org/codehaus/plexus/plexus-io/2.0.2/plexus-io-2.0.2.pom
2022-08-09 20:17:56,187 [Worker-27: Update Maven projects configuration] INFO  o.e.m.c.i.e.AbstractTransferListenerAdapter - Downloaded https://repo.maven.apache.org/maven2/org/codehaus/plexus/plexus-io/2.0.2/plexus-io-2.0.2.pom
2022-08-09 20:17:56,208 [Worker-27: Update Maven projects configuration] INFO  o.e.m.c.i.e.AbstractTransferListenerAdapter - Downloading https://repo.maven.apache.org/maven2/org/codehaus/plexus/plexus-components/1.1.19/plexus-components-1.1.19.pom
2022-08-09 20:17:56,222 [Worker-27: Update Maven projects configuration] INFO  o.e.m.c.i.e.AbstractTransferListenerAdapter - Downloaded https://repo.maven.apache.org/maven2/org/codehaus/plexus/plexus-components/1.1.19/plexus-components-1.1.19.pom
2022-08-09 20:17:56,250 [Worker-27: Update Maven projects configuration] INFO  o.e.m.c.i.e.AbstractTransferListenerAdapter - Downloading https://repo.maven.apache.org/maven2/org/codehaus/plexus/plexus-interpolation/1.15/plexus-interpolation-1.15.pom
2022-08-09 20:17:56,276 [Worker-27: Update Maven projects configuration] INFO  o.e.m.c.i.e.AbstractTransferListenerAdapter - Downloaded https://repo.maven.apache.org/maven2/org/codehaus/plexus/plexus-interpolation/1.15/plexus-interpolation-1.15.pom
2022-08-09 20:17:56,299 [Worker-27: Update Maven projects configuration] INFO  o.e.m.c.i.e.AbstractTransferListenerAdapter - Downloading https://repo.maven.apache.org/maven2/commons-lang/commons-lang/2.1/commons-lang-2.1.pom
2022-08-09 20:17:56,312 [Worker-27: Update Maven projects configuration] INFO  o.e.m.c.i.e.AbstractTransferListenerAdapter - Downloaded https://repo.maven.apache.org/maven2/commons-lang/commons-lang/2.1/commons-lang-2.1.pom
2022-08-09 20:17:56,379 [AetherRepositoryConnector-repo.maven.apache.org-0-0] INFO  o.e.m.c.i.e.AbstractTransferListenerAdapter - Downloading https://repo.maven.apache.org/maven2/classworlds/classworlds/1.1-alpha-2/classworlds-1.1-alpha-2.jar
2022-08-09 20:17:56,389 [AetherRepositoryConnector-repo.maven.apache.org-0-2] INFO  o.e.m.c.i.e.AbstractTransferListenerAdapter - Downloading https://repo.maven.apache.org/maven2/org/codehaus/plexus/plexus-interpolation/1.15/plexus-interpolation-1.15.jar
2022-08-09 20:17:56,391 [AetherRepositoryConnector-repo.maven.apache.org-0-4] INFO  o.e.m.c.i.e.AbstractTransferListenerAdapter - Downloading https://repo.maven.apache.org/maven2/org/codehaus/plexus/plexus-io/2.0.2/plexus-io-2.0.2.jar
2022-08-09 20:17:56,398 [AetherRepositoryConnector-repo.maven.apache.org-0-3] INFO  o.e.m.c.i.e.AbstractTransferListenerAdapter - Downloading https://repo.maven.apache.org/maven2/org/codehaus/plexus/plexus-archiver/2.1/plexus-archiver-2.1.jar
2022-08-09 20:17:56,401 [AetherRepositoryConnector-repo.maven.apache.org-0-1] INFO  o.e.m.c.i.e.AbstractTransferListenerAdapter - Downloading https://repo.maven.apache.org/maven2/org/apache/maven/maven-archiver/2.5/maven-archiver-2.5.jar
2022-08-09 20:17:56,412 [AetherRepositoryConnector-repo.maven.apache.org-0-0] INFO  o.e.m.c.i.e.AbstractTransferListenerAdapter - Downloaded https://repo.maven.apache.org/maven2/classworlds/classworlds/1.1-alpha-2/classworlds-1.1-alpha-2.jar
2022-08-09 20:17:56,413 [AetherRepositoryConnector-repo.maven.apache.org-0-2] INFO  o.e.m.c.i.e.AbstractTransferListenerAdapter - Downloaded https://repo.maven.apache.org/maven2/org/codehaus/plexus/plexus-interpolation/1.15/plexus-interpolation-1.15.jar
2022-08-09 20:17:56,414 [AetherRepositoryConnector-repo.maven.apache.org-0-4] INFO  o.e.m.c.i.e.AbstractTransferListenerAdapter - Downloaded https://repo.maven.apache.org/maven2/org/codehaus/plexus/plexus-io/2.0.2/plexus-io-2.0.2.jar
2022-08-09 20:17:56,422 [AetherRepositoryConnector-repo.maven.apache.org-0-1] INFO  o.e.m.c.i.e.AbstractTransferListenerAdapter - Downloaded https://repo.maven.apache.org/maven2/org/apache/maven/maven-archiver/2.5/maven-archiver-2.5.jar
2022-08-09 20:17:56,431 [AetherRepositoryConnector-repo.maven.apache.org-0-0] INFO  o.e.m.c.i.e.AbstractTransferListenerAdapter - Downloading https://repo.maven.apache.org/maven2/commons-lang/commons-lang/2.1/commons-lang-2.1.jar
2022-08-09 20:17:56,446 [AetherRepositoryConnector-repo.maven.apache.org-0-3] INFO  o.e.m.c.i.e.AbstractTransferListenerAdapter - Downloaded https://repo.maven.apache.org/maven2/org/codehaus/plexus/plexus-archiver/2.1/plexus-archiver-2.1.jar
2022-08-09 20:17:56,456 [AetherRepositoryConnector-repo.maven.apache.org-0-0] INFO  o.e.m.c.i.e.AbstractTransferListenerAdapter - Downloaded https://repo.maven.apache.org/maven2/commons-lang/commons-lang/2.1/commons-lang-2.1.jar
2022-08-09 20:17:57,643 [Worker-27: Update Maven projects configuration] INFO  o.e.m.j.i.AbstractJavaProjectConfigurator - Adding source folder /DimensaoDaTela/src/main/java
2022-08-09 20:17:57,654 [Worker-27: Update Maven projects configuration] INFO  o.e.m.j.i.AbstractJavaProjectConfigurator - Adding source folder /DimensaoDaTela/src/test/java
2022-08-09 20:17:58,569 [Worker-27: Update Maven projects configuration] INFO  o.e.m.c.i.p.ProjectConfigurationManager - Update completed: 9 sec
2022-08-09 20:17:58,572 [Worker-27: Update Maven projects configuration] INFO  o.e.m.c.i.p.ProjectConfigurationManager - Update started
2022-08-09 20:17:59,309 [Worker-27: Update Maven projects configuration] INFO  o.e.m.c.i.l.LifecycleMappingFactory - Using org.eclipse.m2e.jdt.JarLifecycleMapping lifecycle mapping for MavenProject: com.mycompany.dimensaodatela:DimensaoDaTela:1.0-SNAPSHOT @ C:\Users\Tales\Documents\GitHub\Eclipse-Workspace\DimensaoDaTela\pom.xml.
2022-08-09 20:17:59,365 [Worker-27: Update Maven projects configuration] INFO  o.e.m.c.i.l.LifecycleMappingFactory - Using org.eclipse.m2e.jdt.JarLifecycleMapping lifecycle mapping for MavenProject: com.mycompany.idiomalocal:IdiomaLocal:1.0-SNAPSHOT @ C:\Users\Tales\Documents\GitHub\Eclipse-Workspace\IdiomaLocal\pom.xml.
2022-08-09 20:17:59,421 [Worker-27: Update Maven projects configuration] INFO  o.e.m.c.i.l.LifecycleMappingFactory - Using org.eclipse.m2e.jdt.JarLifecycleMapping lifecycle mapping for MavenProject: com.mycompany.horadosistema:HoraDoSistema:1.0-SNAPSHOT @ C:\Users\Tales\Documents\GitHub\Eclipse-Workspace\HoraDoSistema\pom.xml.
2022-08-09 20:17:59,475 [Worker-27: Update Maven projects configuration] INFO  o.e.m.c.i.l.LifecycleMappingFactory - Using org.eclipse.m2e.jdt.JarLifecycleMapping lifecycle mapping for MavenProject: com.mycompany.primeiroprojeto:PrimeiroProjeto:1.0-SNAPSHOT @ C:\Users\Tales\Documents\GitHub\Eclipse-Workspace\PrimeiroProjeto\pom.xml.
2022-08-09 20:17:59,548 [Worker-27: Update Maven projects configuration] INFO  o.e.m.c.i.l.LifecycleMappingFactory - Using org.eclipse.m2e.jdt.JarLifecycleMapping lifecycle mapping for MavenProject: com.mycompany.idiomadosistemaoperacional:IdiomaDoSistemaOperacional:1.0-SNAPSHOT @ C:\Users\Tales\Documents\GitHub\Eclipse-Workspace\IdiomaDoSistemaOperacional\pom.xml.
2022-08-09 20:18:00,566 [Worker-26: Building] INFO  o.e.m.c.i.embedder.EclipseLogger - Using 'UTF-8' encoding to copy filtered resources.
2022-08-09 20:18:00,566 [Worker-26: Building] INFO  o.e.m.c.i.embedder.EclipseLogger - skip non existing resourceDirectory C:\Users\Tales\Documents\GitHub\Eclipse-Workspace\DimensaoDaTela\src\main\resources
2022-08-09 20:18:00,570 [Worker-26: Building] INFO  o.e.m.c.i.embedder.EclipseLogger - Using 'UTF-8' encoding to copy filtered resources.
2022-08-09 20:18:00,570 [Worker-26: Building] INFO  o.e.m.c.i.embedder.EclipseLogger - skip non existing resourceDirectory C:\Users\Tales\Documents\GitHub\Eclipse-Workspace\DimensaoDaTela\src\test\resources
2022-08-09 20:18:00,614 [Worker-27: Update Maven projects configuration] INFO  o.e.m.j.i.AbstractJavaProjectConfigurator - Adding source folder /IdiomaDoSistemaOperacional/src/main/java
2022-08-09 20:18:00,625 [Worker-27: Update Maven projects configuration] INFO  o.e.m.j.i.AbstractJavaProjectConfigurator - Adding source folder /IdiomaDoSistemaOperacional/src/test/java
2022-08-09 20:18:00,757 [Worker-27: Update Maven projects configuration] INFO  o.e.m.j.i.AbstractJavaProjectConfigurator - Adding source folder /DimensaoDaTela/src/main/java
2022-08-09 20:18:00,759 [Worker-27: Update Maven projects configuration] INFO  o.e.m.j.i.AbstractJavaProjectConfigurator - Adding source folder /DimensaoDaTela/src/test/java
2022-08-09 20:18:00,912 [Worker-27: Update Maven projects configuration] INFO  o.e.m.j.i.AbstractJavaProjectConfigurator - Adding source folder /IdiomaLocal/src/main/java
2022-08-09 20:18:00,913 [Worker-27: Update Maven projects configuration] INFO  o.e.m.j.i.AbstractJavaProjectConfigurator - Adding source folder /IdiomaLocal/src/test/java
2022-08-09 20:18:01,095 [Worker-27: Update Maven projects configuration] INFO  o.e.m.j.i.AbstractJavaProjectConfigurator - Adding source folder /HoraDoSistema/src/main/java
2022-08-09 20:18:01,105 [Worker-27: Update Maven projects configuration] INFO  o.e.m.j.i.AbstractJavaProjectConfigurator - Adding source folder /HoraDoSistema/src/test/java
2022-08-09 20:18:01,394 [Worker-27: Update Maven projects configuration] INFO  o.e.m.j.i.AbstractJavaProjectConfigurator - Adding source folder /PrimeiroProjeto/src/main/java
2022-08-09 20:18:01,394 [Worker-27: Update Maven projects configuration] INFO  o.e.m.j.i.AbstractJavaProjectConfigurator - Adding source folder /PrimeiroProjeto/src/test/java
2022-08-09 20:18:01,506 [Worker-27: Update Maven projects configuration] INFO  o.e.m.c.i.p.ProjectConfigurationManager - Update completed: 2 sec
2022-08-09 20:18:01,727 [Worker-18: Building] INFO  o.e.m.c.i.embedder.EclipseLogger - Using 'UTF-8' encoding to copy filtered resources.
2022-08-09 20:18:01,728 [Worker-18: Building] INFO  o.e.m.c.i.embedder.EclipseLogger - skip non existing resourceDirectory C:\Users\Tales\Documents\GitHub\Eclipse-Workspace\DimensaoDaTela\src\main\resources
2022-08-09 20:18:01,729 [Worker-18: Building] INFO  o.e.m.c.i.embedder.EclipseLogger - Using 'UTF-8' encoding to copy filtered resources.
2022-08-09 20:18:01,730 [Worker-18: Building] INFO  o.e.m.c.i.embedder.EclipseLogger - skip non existing resourceDirectory C:\Users\Tales\Documents\GitHub\Eclipse-Workspace\DimensaoDaTela\src\test\resources
2022-08-09 20:18:01,794 [Worker-18: Building] INFO  o.e.m.c.i.embedder.EclipseLogger - Using 'UTF-8' encoding to copy filtered resources.
2022-08-09 20:18:01,794 [Worker-18: Building] INFO  o.e.m.c.i.embedder.EclipseLogger - skip non existing resourceDirectory C:\Users\Tales\Documents\GitHub\Eclipse-Workspace\HoraDoSistema\src\main\resources
2022-08-09 20:18:01,797 [Worker-18: Building] INFO  o.e.m.c.i.embedder.EclipseLogger - Using 'UTF-8' encoding to copy filtered resources.
2022-08-09 20:18:01,798 [Worker-18: Building] INFO  o.e.m.c.i.embedder.EclipseLogger - skip non existing resourceDirectory C:\Users\Tales\Documents\GitHub\Eclipse-Workspace\HoraDoSistema\src\test\resources
2022-08-09 20:18:01,858 [Worker-18: Building] INFO  o.e.m.c.i.embedder.EclipseLogger - Using 'UTF-8' encoding to copy filtered resources.
2022-08-09 20:18:01,858 [Worker-18: Building] INFO  o.e.m.c.i.embedder.EclipseLogger - skip non existing resourceDirectory C:\Users\Tales\Documents\GitHub\Eclipse-Workspace\IdiomaDoSistemaOperacional\src\main\resources
2022-08-09 20:18:01,859 [Worker-18: Building] INFO  o.e.m.c.i.embedder.EclipseLogger - Using 'UTF-8' encoding to copy filtered resources.
2022-08-09 20:18:01,860 [Worker-18: Building] INFO  o.e.m.c.i.embedder.EclipseLogger - skip non existing resourceDirectory C:\Users\Tales\Documents\GitHub\Eclipse-Workspace\IdiomaDoSistemaOperacional\src\test\resources
2022-08-09 20:18:01,901 [Worker-18: Building] INFO  o.e.m.c.i.embedder.EclipseLogger - Using 'UTF-8' encoding to copy filtered resources.
2022-08-09 20:18:01,901 [Worker-18: Building] INFO  o.e.m.c.i.embedder.EclipseLogger - skip non existing resourceDirectory C:\Users\Tales\Documents\GitHub\Eclipse-Workspace\IdiomaLocal\src\main\resources
2022-08-09 20:18:01,902 [Worker-18: Building] INFO  o.e.m.c.i.embedder.EclipseLogger - Using 'UTF-8' encoding to copy filtered resources.
2022-08-09 20:18:01,903 [Worker-18: Building] INFO  o.e.m.c.i.embedder.EclipseLogger - skip non existing resourceDirectory C:\Users\Tales\Documents\GitHub\Eclipse-Workspace\IdiomaLocal\src\test\resources
2022-08-09 20:18:01,966 [Worker-18: Building] INFO  o.e.m.c.i.embedder.EclipseLogger - Using 'UTF-8' encoding to copy filtered resources.
2022-08-09 20:18:01,967 [Worker-18: Building] INFO  o.e.m.c.i.embedder.EclipseLogger - skip non existing resourceDirectory C:\Users\Tales\Documents\GitHub\Eclipse-Workspace\PrimeiroProjeto\src\main\resources
2022-08-09 20:18:01,969 [Worker-18: Building] INFO  o.e.m.c.i.embedder.EclipseLogger - Using 'UTF-8' encoding to copy filtered resources.
2022-08-09 20:18:01,969 [Worker-18: Building] INFO  o.e.m.c.i.embedder.EclipseLogger - skip non existing resourceDirectory C:\Users\Tales\Documents\GitHub\Eclipse-Workspace\PrimeiroProjeto\src\test\resources
2022-08-09 20:39:50,560 [Worker-21: Building] INFO  o.e.m.c.i.l.LifecycleMappingFactory - Using org.eclipse.m2e.jdt.JarLifecycleMapping lifecycle mapping for MavenProject: com.mycompany.dimensaodatela:DimensaoDaTela:1.0-SNAPSHOT @ C:\Users\Tales\Documents\GitHub\Eclipse-Workspace\DimensaoDaTela\pom.xml.
2022-08-09 20:39:51,495 [Worker-21: Building] INFO  o.e.m.c.i.embedder.EclipseLogger - Using 'UTF-8' encoding to copy filtered resources.
2022-08-09 20:39:51,495 [Worker-21: Building] INFO  o.e.m.c.i.embedder.EclipseLogger - skip non existing resourceDirectory C:\Users\Tales\Documents\GitHub\Eclipse-Workspace\DimensaoDaTela\src\main\resources
2022-08-09 20:39:51,499 [Worker-21: Building] INFO  o.e.m.c.i.embedder.EclipseLogger - Using 'UTF-8' encoding to copy filtered resources.
2022-08-09 20:39:51,500 [Worker-21: Building] INFO  o.e.m.c.i.embedder.EclipseLogger - skip non existing resourceDirectory C:\Users\Tales\Documents\GitHub\Eclipse-Workspace\DimensaoDaTela\src\test\resources
2022-08-09 20:39:51,669 [Worker-21: Building] INFO  o.e.m.c.i.l.LifecycleMappingFactory - Using org.eclipse.m2e.jdt.JarLifecycleMapping lifecycle mapping for MavenProject: com.mycompany.horadosistema:HoraDoSistema:1.0-SNAPSHOT @ C:\Users\Tales\Documents\GitHub\Eclipse-Workspace\HoraDoSistema\pom.xml.
2022-08-09 20:39:51,816 [Worker-21: Building] INFO  o.e.m.c.i.embedder.EclipseLogger - Using 'UTF-8' encoding to copy filtered resources.
2022-08-09 20:39:51,816 [Worker-21: Building] INFO  o.e.m.c.i.embedder.EclipseLogger - skip non existing resourceDirectory C:\Users\Tales\Documents\GitHub\Eclipse-Workspace\HoraDoSistema\src\main\resources
2022-08-09 20:39:51,819 [Worker-21: Building] INFO  o.e.m.c.i.embedder.EclipseLogger - Using 'UTF-8' encoding to copy filtered resources.
2022-08-09 20:39:51,819 [Worker-21: Building] INFO  o.e.m.c.i.embedder.EclipseLogger - skip non existing resourceDirectory C:\Users\Tales\Documents\GitHub\Eclipse-Workspace\HoraDoSistema\src\test\resources
2022-08-09 20:39:52,010 [Worker-21: Building] INFO  o.e.m.c.i.l.LifecycleMappingFactory - Using org.eclipse.m2e.jdt.JarLifecycleMapping lifecycle mapping for MavenProject: com.mycompany.idiomadosistemaoperacional:IdiomaDoSistemaOperacional:1.0-SNAPSHOT @ C:\Users\Tales\Documents\GitHub\Eclipse-Workspace\IdiomaDoSistemaOperacional\pom.xml.
2022-08-09 20:39:52,158 [Worker-21: Building] INFO  o.e.m.c.i.embedder.EclipseLogger - Using 'UTF-8' encoding to copy filtered resources.
2022-08-09 20:39:52,159 [Worker-21: Building] INFO  o.e.m.c.i.embedder.EclipseLogger - skip non existing resourceDirectory C:\Users\Tales\Documents\GitHub\Eclipse-Workspace\IdiomaDoSistemaOperacional\src\main\resources
2022-08-09 20:39:52,161 [Worker-21: Building] INFO  o.e.m.c.i.embedder.EclipseLogger - Using 'UTF-8' encoding to copy filtered resources.
2022-08-09 20:39:52,161 [Worker-21: Building] INFO  o.e.m.c.i.embedder.EclipseLogger - skip non existing resourceDirectory C:\Users\Tales\Documents\GitHub\Eclipse-Workspace\IdiomaDoSistemaOperacional\src\test\resources
2022-08-09 20:39:52,307 [Worker-21: Building] INFO  o.e.m.c.i.l.LifecycleMappingFactory - Using org.eclipse.m2e.jdt.JarLifecycleMapping lifecycle mapping for MavenProject: com.mycompany.idiomalocal:IdiomaLocal:1.0-SNAPSHOT @ C:\Users\Tales\Documents\GitHub\Eclipse-Workspace\IdiomaLocal\pom.xml.
2022-08-09 20:39:52,418 [Worker-21: Building] INFO  o.e.m.c.i.embedder.EclipseLogger - Using 'UTF-8' encoding to copy filtered resources.
2022-08-09 20:39:52,418 [Worker-21: Building] INFO  o.e.m.c.i.embedder.EclipseLogger - skip non existing resourceDirectory C:\Users\Tales\Documents\GitHub\Eclipse-Workspace\IdiomaLocal\src\main\resources
2022-08-09 20:39:52,420 [Worker-21: Building] INFO  o.e.m.c.i.embedder.EclipseLogger - Using 'UTF-8' encoding to copy filtered resources.
2022-08-09 20:39:52,421 [Worker-21: Building] INFO  o.e.m.c.i.embedder.EclipseLogger - skip non existing resourceDirectory C:\Users\Tales\Documents\GitHub\Eclipse-Workspace\IdiomaLocal\src\test\resources
2022-08-09 20:39:52,563 [Worker-21: Building] INFO  o.e.m.c.i.l.LifecycleMappingFactory - Using org.eclipse.m2e.jdt.JarLifecycleMapping lifecycle mapping for MavenProject: com.mycompany.primeiroprojeto:PrimeiroProjeto:1.0-SNAPSHOT @ C:\Users\Tales\Documents\GitHub\Eclipse-Workspace\PrimeiroProjeto\pom.xml.
2022-08-09 20:39:52,685 [Worker-21: Building] INFO  o.e.m.c.i.embedder.EclipseLogger - Using 'UTF-8' encoding to copy filtered resources.
2022-08-09 20:39:52,686 [Worker-21: Building] INFO  o.e.m.c.i.embedder.EclipseLogger - skip non existing resourceDirectory C:\Users\Tales\Documents\GitHub\Eclipse-Workspace\PrimeiroProjeto\src\main\resources
2022-08-09 20:39:52,688 [Worker-21: Building] INFO  o.e.m.c.i.embedder.EclipseLogger - Using 'UTF-8' encoding to copy filtered resources.
2022-08-09 20:39:52,688 [Worker-21: Building] INFO  o.e.m.c.i.embedder.EclipseLogger - skip non existing resourceDirectory C:\Users\Tales\Documents\GitHub\Eclipse-Workspace\PrimeiroProjeto\src\test\resources
2022-08-09 20:41:44,073 [Worker-29: Building] INFO  o.e.m.c.i.l.LifecycleMappingFactory - Using org.eclipse.m2e.jdt.JarLifecycleMapping lifecycle mapping for MavenProject: com.mycompany.dimensaodatela:DimensaoDaTela:1.0-SNAPSHOT @ C:\Users\Tales\Documents\GitHub\Eclipse-Workspace\DimensaoDaTela\pom.xml.
2022-08-09 20:41:44,573 [Worker-29: Building] INFO  o.e.m.c.i.embedder.EclipseLogger - Using 'UTF-8' encoding to copy filtered resources.
2022-08-09 20:41:44,574 [Worker-29: Building] INFO  o.e.m.c.i.embedder.EclipseLogger - skip non existing resourceDirectory C:\Users\Tales\Documents\GitHub\Eclipse-Workspace\DimensaoDaTela\src\main\resources
2022-08-09 20:41:44,576 [Worker-29: Building] INFO  o.e.m.c.i.embedder.EclipseLogger - Using 'UTF-8' encoding to copy filtered resources.
2022-08-09 20:41:44,577 [Worker-29: Building] INFO  o.e.m.c.i.embedder.EclipseLogger - skip non existing resourceDirectory C:\Users\Tales\Documents\GitHub\Eclipse-Workspace\DimensaoDaTela\src\test\resources
2022-08-09 20:41:45,145 [Worker-29: Building] INFO  o.e.m.c.i.l.LifecycleMappingFactory - Using org.eclipse.m2e.jdt.JarLifecycleMapping lifecycle mapping for MavenProject: com.mycompany.horadosistema:HoraDoSistema:1.0-SNAPSHOT @ C:\Users\Tales\Documents\GitHub\Eclipse-Workspace\HoraDoSistema\pom.xml.
2022-08-09 20:41:45,697 [Worker-29: Building] INFO  o.e.m.c.i.embedder.EclipseLogger - Using 'UTF-8' encoding to copy filtered resources.
2022-08-09 20:41:45,697 [Worker-29: Building] INFO  o.e.m.c.i.embedder.EclipseLogger - skip non existing resourceDirectory C:\Users\Tales\Documents\GitHub\Eclipse-Workspace\HoraDoSistema\src\main\resources
2022-08-09 20:41:45,699 [Worker-29: Building] INFO  o.e.m.c.i.embedder.EclipseLogger - Using 'UTF-8' encoding to copy filtered resources.
2022-08-09 20:41:45,699 [Worker-29: Building] INFO  o.e.m.c.i.embedder.EclipseLogger - skip non existing resourceDirectory C:\Users\Tales\Documents\GitHub\Eclipse-Workspace\HoraDoSistema\src\test\resources
2022-08-09 20:41:46,363 [Worker-27: Updating Maven Dependencies] INFO  o.e.m.c.i.l.LifecycleMappingFactory - Using org.eclipse.m2e.jdt.JarLifecycleMapping lifecycle mapping for MavenProject: com.mycompany.dimensaodatela:DimensaoDaTela:1.0-SNAPSHOT @ C:\Users\Tales\Documents\GitHub\Eclipse-Workspace\DimensaoDaTela\pom.xml.
2022-08-09 20:41:46,363 [Worker-29: Building] INFO  o.e.m.c.i.l.LifecycleMappingFactory - Using org.eclipse.m2e.jdt.JarLifecycleMapping lifecycle mapping for MavenProject: com.mycompany.idiomadosistemaoperacional:IdiomaDoSistemaOperacional:1.0-SNAPSHOT @ C:\Users\Tales\Documents\GitHub\Eclipse-Workspace\IdiomaDoSistemaOperacional\pom.xml.
2022-08-09 20:41:46,423 [Worker-29: Building] INFO  o.e.m.c.i.embedder.EclipseLogger - Using 'UTF-8' encoding to copy filtered resources.
2022-08-09 20:41:46,424 [Worker-29: Building] INFO  o.e.m.c.i.embedder.EclipseLogger - skip non existing resourceDirectory C:\Users\Tales\Documents\GitHub\Eclipse-Workspace\IdiomaDoSistemaOperacional\src\main\resources
2022-08-09 20:41:46,425 [Worker-29: Building] INFO  o.e.m.c.i.embedder.EclipseLogger - Using 'UTF-8' encoding to copy filtered resources.
2022-08-09 20:41:46,425 [Worker-29: Building] INFO  o.e.m.c.i.embedder.EclipseLogger - skip non existing resourceDirectory C:\Users\Tales\Documents\GitHub\Eclipse-Workspace\IdiomaDoSistemaOperacional\src\test\resources
2022-08-09 20:41:46,500 [Worker-29: Building] INFO  o.e.m.c.i.l.LifecycleMappingFactory - Using org.eclipse.m2e.jdt.JarLifecycleMapping lifecycle mapping for MavenProject: com.mycompany.idiomalocal:IdiomaLocal:1.0-SNAPSHOT @ C:\Users\Tales\Documents\GitHub\Eclipse-Workspace\IdiomaLocal\pom.xml.
2022-08-09 20:41:46,569 [Worker-29: Building] INFO  o.e.m.c.i.embedder.EclipseLogger - Using 'UTF-8' encoding to copy filtered resources.
2022-08-09 20:41:46,570 [Worker-29: Building] INFO  o.e.m.c.i.embedder.EclipseLogger - skip non existing resourceDirectory C:\Users\Tales\Documents\GitHub\Eclipse-Workspace\IdiomaLocal\src\main\resources
2022-08-09 20:41:46,570 [Worker-29: Building] INFO  o.e.m.c.i.embedder.EclipseLogger - Using 'UTF-8' encoding to copy filtered resources.
2022-08-09 20:41:46,571 [Worker-29: Building] INFO  o.e.m.c.i.embedder.EclipseLogger - skip non existing resourceDirectory C:\Users\Tales\Documents\GitHub\Eclipse-Workspace\IdiomaLocal\src\test\resources
2022-08-09 20:41:46,663 [Worker-29: Building] INFO  o.e.m.c.i.l.LifecycleMappingFactory - Using org.eclipse.m2e.jdt.JarLifecycleMapping lifecycle mapping for MavenProject: com.mycompany.primeiroprojeto:PrimeiroProjeto:1.0-SNAPSHOT @ C:\Users\Tales\Documents\GitHub\Eclipse-Workspace\PrimeiroProjeto\pom.xml.
2022-08-09 20:41:46,735 [Worker-29: Building] INFO  o.e.m.c.i.embedder.EclipseLogger - Using 'UTF-8' encoding to copy filtered resources.
2022-08-09 20:41:46,735 [Worker-29: Building] INFO  o.e.m.c.i.embedder.EclipseLogger - skip non existing resourceDirectory C:\Users\Tales\Documents\GitHub\Eclipse-Workspace\PrimeiroProjeto\src\main\resources
2022-08-09 20:41:46,737 [Worker-29: Building] INFO  o.e.m.c.i.embedder.EclipseLogger - Using 'UTF-8' encoding to copy filtered resources.
2022-08-09 20:41:46,737 [Worker-29: Building] INFO  o.e.m.c.i.embedder.EclipseLogger - skip non existing resourceDirectory C:\Users\Tales\Documents\GitHub\Eclipse-Workspace\PrimeiroProjeto\src\test\resources
2022-08-09 20:41:47,505 [Worker-28: Updating Maven Dependencies] INFO  o.e.m.c.i.l.LifecycleMappingFactory - Using org.eclipse.m2e.jdt.JarLifecycleMapping lifecycle mapping for MavenProject: com.mycompany.dimensaodatela:DimensaoDaTela:1.0-SNAPSHOT @ C:\Users\Tales\Documents\GitHub\Eclipse-Workspace\DimensaoDaTela\pom.xml.
2022-08-09 20:41:47,546 [Worker-28: Updating Maven Dependencies] INFO  o.e.m.c.i.l.LifecycleMappingFactory - Using org.eclipse.m2e.jdt.JarLifecycleMapping lifecycle mapping for MavenProject: com.mycompany.idiomalocal:IdiomaLocal:1.0-SNAPSHOT @ C:\Users\Tales\Documents\GitHub\Eclipse-Workspace\IdiomaLocal\pom.xml.
2022-08-09 20:41:47,585 [Worker-28: Updating Maven Dependencies] INFO  o.e.m.c.i.l.LifecycleMappingFactory - Using org.eclipse.m2e.jdt.JarLifecycleMapping lifecycle mapping for MavenProject: com.mycompany.horadosistema:HoraDoSistema:1.0-SNAPSHOT @ C:\Users\Tales\Documents\GitHub\Eclipse-Workspace\HoraDoSistema\pom.xml.
2022-08-09 20:41:47,629 [Worker-28: Updating Maven Dependencies] INFO  o.e.m.c.i.l.LifecycleMappingFactory - Using org.eclipse.m2e.jdt.JarLifecycleMapping lifecycle mapping for MavenProject: com.mycompany.primeiroprojeto:PrimeiroProjeto:1.0-SNAPSHOT @ C:\Users\Tales\Documents\GitHub\Eclipse-Workspace\PrimeiroProjeto\pom.xml.
2022-08-09 20:41:47,992 [Worker-27: Building] INFO  o.e.m.c.i.embedder.EclipseLogger - Using 'UTF-8' encoding to copy filtered resources.
2022-08-09 20:41:47,992 [Worker-27: Building] INFO  o.e.m.c.i.embedder.EclipseLogger - skip non existing resourceDirectory C:\Users\Tales\Documents\GitHub\Eclipse-Workspace\DimensaoDaTela\src\main\resources
2022-08-09 20:41:47,993 [Worker-27: Building] INFO  o.e.m.c.i.embedder.EclipseLogger - Using 'UTF-8' encoding to copy filtered resources.
2022-08-09 20:41:47,994 [Worker-27: Building] INFO  o.e.m.c.i.embedder.EclipseLogger - skip non existing resourceDirectory C:\Users\Tales\Documents\GitHub\Eclipse-Workspace\DimensaoDaTela\src\test\resources
2022-08-09 20:41:48,006 [Worker-27: Building] INFO  o.e.m.c.i.embedder.EclipseLogger - Using 'UTF-8' encoding to copy filtered resources.
2022-08-09 20:41:48,007 [Worker-27: Building] INFO  o.e.m.c.i.embedder.EclipseLogger - skip non existing resourceDirectory C:\Users\Tales\Documents\GitHub\Eclipse-Workspace\HoraDoSistema\src\main\resources
2022-08-09 20:41:48,008 [Worker-27: Building] INFO  o.e.m.c.i.embedder.EclipseLogger - Using 'UTF-8' encoding to copy filtered resources.
2022-08-09 20:41:48,008 [Worker-27: Building] INFO  o.e.m.c.i.embedder.EclipseLogger - skip non existing resourceDirectory C:\Users\Tales\Documents\GitHub\Eclipse-Workspace\HoraDoSistema\src\test\resources
2022-08-09 20:41:48,020 [Worker-27: Building] INFO  o.e.m.c.i.embedder.EclipseLogger - Using 'UTF-8' encoding to copy filtered resources.
2022-08-09 20:41:48,021 [Worker-27: Building] INFO  o.e.m.c.i.embedder.EclipseLogger - skip non existing resourceDirectory C:\Users\Tales\Documents\GitHub\Eclipse-Workspace\IdiomaLocal\src\main\resources
2022-08-09 20:41:48,022 [Worker-27: Building] INFO  o.e.m.c.i.embedder.EclipseLogger - Using 'UTF-8' encoding to copy filtered resources.
2022-08-09 20:41:48,022 [Worker-27: Building] INFO  o.e.m.c.i.embedder.EclipseLogger - skip non existing resourceDirectory C:\Users\Tales\Documents\GitHub\Eclipse-Workspace\IdiomaLocal\src\test\resources
2022-08-09 20:41:48,032 [Worker-27: Building] INFO  o.e.m.c.i.embedder.EclipseLogger - Using 'UTF-8' encoding to copy filtered resources.
2022-08-09 20:41:48,033 [Worker-27: Building] INFO  o.e.m.c.i.embedder.EclipseLogger - skip non existing resourceDirectory C:\Users\Tales\Documents\GitHub\Eclipse-Workspace\PrimeiroProjeto\src\main\resources
2022-08-09 20:41:48,034 [Worker-27: Building] INFO  o.e.m.c.i.embedder.EclipseLogger - Using 'UTF-8' encoding to copy filtered resources.
2022-08-09 20:41:48,034 [Worker-27: Building] INFO  o.e.m.c.i.embedder.EclipseLogger - skip non existing resourceDirectory C:\Users\Tales\Documents\GitHub\Eclipse-Workspace\PrimeiroProjeto\src\test\resources
2022-08-09 20:47:43,242 [Worker-6: Loading available Gradle versions] INFO  o.e.b.c.i.u.g.PublishedGradleVersions - Gradle version information cache is up-to-date. Trying to read.
2022-08-09 20:59:11,298 [Worker-0: Building] INFO  o.e.m.c.i.l.LifecycleMappingFactory - Using org.eclipse.m2e.jdt.JarLifecycleMapping lifecycle mapping for MavenProject: com.mycompany.dimensaodatela:DimensaoDaTela:1.0-SNAPSHOT @ C:\Users\Tales\Documents\GitHub\Eclipse-Workspace\DimensaoDaTela\pom.xml.
2022-08-09 20:59:13,808 [Worker-0: Building] INFO  o.e.m.c.i.embedder.EclipseLogger - Using 'UTF-8' encoding to copy filtered resources.
2022-08-09 20:59:13,808 [Worker-0: Building] INFO  o.e.m.c.i.embedder.EclipseLogger - skip non existing resourceDirectory C:\Users\Tales\Documents\GitHub\Eclipse-Workspace\DimensaoDaTela\src\main\resources
2022-08-09 20:59:13,811 [Worker-0: Building] INFO  o.e.m.c.i.embedder.EclipseLogger - Using 'UTF-8' encoding to copy filtered resources.
2022-08-09 20:59:13,811 [Worker-0: Building] INFO  o.e.m.c.i.embedder.EclipseLogger - skip non existing resourceDirectory C:\Users\Tales\Documents\GitHub\Eclipse-Workspace\DimensaoDaTela\src\test\resources
2022-08-09 20:59:13,928 [Worker-0: Building] INFO  o.e.m.c.i.l.LifecycleMappingFactory - Using org.eclipse.m2e.jdt.JarLifecycleMapping lifecycle mapping for MavenProject: com.mycompany.horadosistema:HoraDoSistema:1.0-SNAPSHOT @ C:\Users\Tales\Documents\GitHub\Eclipse-Workspace\HoraDoSistema\pom.xml.
2022-08-09 20:59:14,003 [Worker-0: Building] INFO  o.e.m.c.i.embedder.EclipseLogger - Using 'UTF-8' encoding to copy filtered resources.
2022-08-09 20:59:14,003 [Worker-0: Building] INFO  o.e.m.c.i.embedder.EclipseLogger - skip non existing resourceDirectory C:\Users\Tales\Documents\GitHub\Eclipse-Workspace\HoraDoSistema\src\main\resources
2022-08-09 20:59:14,006 [Worker-0: Building] INFO  o.e.m.c.i.embedder.EclipseLogger - Using 'UTF-8' encoding to copy filtered resources.
2022-08-09 20:59:14,006 [Worker-0: Building] INFO  o.e.m.c.i.embedder.EclipseLogger - skip non existing resourceDirectory C:\Users\Tales\Documents\GitHub\Eclipse-Workspace\HoraDoSistema\src\test\resources
2022-08-09 20:59:14,132 [Worker-0: Building] INFO  o.e.m.c.i.l.LifecycleMappingFactory - Using org.eclipse.m2e.jdt.JarLifecycleMapping lifecycle mapping for MavenProject: com.mycompany.idiomadosistemaoperacional:IdiomaDoSistemaOperacional:1.0-SNAPSHOT @ C:\Users\Tales\Documents\GitHub\Eclipse-Workspace\IdiomaDoSistemaOperacional\pom.xml.
2022-08-09 20:59:14,277 [Worker-0: Building] INFO  o.e.m.c.i.embedder.EclipseLogger - Using 'UTF-8' encoding to copy filtered resources.
2022-08-09 20:59:14,277 [Worker-0: Building] INFO  o.e.m.c.i.embedder.EclipseLogger - skip non existing resourceDirectory C:\Users\Tales\Documents\GitHub\Eclipse-Workspace\IdiomaDoSistemaOperacional\src\main\resources
2022-08-09 20:59:14,279 [Worker-0: Building] INFO  o.e.m.c.i.embedder.EclipseLogger - Using 'UTF-8' encoding to copy filtered resources.
2022-08-09 20:59:14,279 [Worker-0: Building] INFO  o.e.m.c.i.embedder.EclipseLogger - skip non existing resourceDirectory C:\Users\Tales\Documents\GitHub\Eclipse-Workspace\IdiomaDoSistemaOperacional\src\test\resources
2022-08-09 20:59:14,367 [Worker-0: Building] INFO  o.e.m.c.i.l.LifecycleMappingFactory - Using org.eclipse.m2e.jdt.JarLifecycleMapping lifecycle mapping for MavenProject: com.mycompany.idiomalocal:IdiomaLocal:1.0-SNAPSHOT @ C:\Users\Tales\Documents\GitHub\Eclipse-Workspace\IdiomaLocal\pom.xml.
2022-08-09 20:59:14,443 [Worker-0: Building] INFO  o.e.m.c.i.embedder.EclipseLogger - Using 'UTF-8' encoding to copy filtered resources.
2022-08-09 20:59:14,443 [Worker-0: Building] INFO  o.e.m.c.i.embedder.EclipseLogger - skip non existing resourceDirectory C:\Users\Tales\Documents\GitHub\Eclipse-Workspace\IdiomaLocal\src\main\resources
2022-08-09 20:59:14,444 [Worker-0: Building] INFO  o.e.m.c.i.embedder.EclipseLogger - Using 'UTF-8' encoding to copy filtered resources.
2022-08-09 20:59:14,445 [Worker-0: Building] INFO  o.e.m.c.i.embedder.EclipseLogger - skip non existing resourceDirectory C:\Users\Tales\Documents\GitHub\Eclipse-Workspace\IdiomaLocal\src\test\resources
2022-08-09 20:59:14,565 [Worker-0: Building] INFO  o.e.m.c.i.l.LifecycleMappingFactory - Using org.eclipse.m2e.jdt.JarLifecycleMapping lifecycle mapping for MavenProject: com.mycompany.primeiroprojeto:PrimeiroProjeto:1.0-SNAPSHOT @ C:\Users\Tales\Documents\GitHub\Eclipse-Workspace\PrimeiroProjeto\pom.xml.
2022-08-09 20:59:14,647 [Worker-0: Building] INFO  o.e.m.c.i.embedder.EclipseLogger - Using 'UTF-8' encoding to copy filtered resources.
2022-08-09 20:59:14,648 [Worker-0: Building] INFO  o.e.m.c.i.embedder.EclipseLogger - skip non existing resourceDirectory C:\Users\Tales\Documents\GitHub\Eclipse-Workspace\PrimeiroProjeto\src\main\resources
2022-08-09 20:59:14,649 [Worker-0: Building] INFO  o.e.m.c.i.embedder.EclipseLogger - Using 'UTF-8' encoding to copy filtered resources.
2022-08-09 20:59:14,650 [Worker-0: Building] INFO  o.e.m.c.i.embedder.EclipseLogger - skip non existing resourceDirectory C:\Users\Tales\Documents\GitHub\Eclipse-Workspace\PrimeiroProjeto\src\test\resources
2022-08-09 21:00:21,157 [Worker-16: Loading available Gradle versions] INFO  o.e.b.c.i.u.g.PublishedGradleVersions - Gradle version information cache is up-to-date. Trying to read.
2022-08-09 21:05:29,134 [Worker-22: Updating Maven Dependencies] INFO  o.e.m.c.i.l.LifecycleMappingFactory - Using org.eclipse.m2e.jdt.JarLifecycleMapping lifecycle mapping for MavenProject: com.mycompany.horadosistema:HoraDoSistema:1.0-SNAPSHOT @ C:\Users\Tales\Documents\GitHub\Eclipse-Workspace\HoraDoSistema\pom.xml.
2022-08-09 21:05:29,338 [Worker-24: Building] INFO  o.e.m.c.i.embedder.EclipseLogger - Using 'UTF-8' encoding to copy filtered resources.
2022-08-09 21:05:29,339 [Worker-24: Building] INFO  o.e.m.c.i.embedder.EclipseLogger - skip non existing resourceDirectory C:\Users\Tales\Documents\GitHub\Eclipse-Workspace\HoraDoSistema\src\main\resources
2022-08-09 21:05:29,340 [Worker-24: Building] INFO  o.e.m.c.i.embedder.EclipseLogger - Using 'UTF-8' encoding to copy filtered resources.
2022-08-09 21:05:29,340 [Worker-24: Building] INFO  o.e.m.c.i.embedder.EclipseLogger - skip non existing resourceDirectory C:\Users\Tales\Documents\GitHub\Eclipse-Workspace\HoraDoSistema\src\test\resources
2022-08-09 21:09:36,567 [Worker-19: Updating Maven Dependencies] INFO  o.e.m.c.i.l.LifecycleMappingFactory - Using org.eclipse.m2e.jdt.JarLifecycleMapping lifecycle mapping for MavenProject: com.mycompany.horadosistema:HoraDoSistema:1.0-SNAPSHOT @ C:\Users\Tales\Documents\GitHub\Eclipse-Workspace\HoraDoSistema\pom.xml.
2022-08-09 21:09:36,992 [Worker-25: Building] INFO  o.e.m.c.i.embedder.EclipseLogger - Using 'UTF-8' encoding to copy filtered resources.
2022-08-09 21:09:36,993 [Worker-25: Building] INFO  o.e.m.c.i.embedder.EclipseLogger - skip non existing resourceDirectory C:\Users\Tales\Documents\GitHub\Eclipse-Workspace\HoraDoSistema\src\main\resources
2022-08-09 21:09:36,995 [Worker-25: Building] INFO  o.e.m.c.i.embedder.EclipseLogger - Using 'UTF-8' encoding to copy filtered resources.
2022-08-09 21:09:36,996 [Worker-25: Building] INFO  o.e.m.c.i.embedder.EclipseLogger - skip non existing resourceDirectory C:\Users\Tales\Documents\GitHub\Eclipse-Workspace\HoraDoSistema\src\test\resources
2022-08-09 21:22:57,019 [Worker-3: Loading available Gradle versions] INFO  o.e.b.c.i.u.g.PublishedGradleVersions - Gradle version information cache is up-to-date. Trying to read.
2022-08-09 21:24:48,933 [Worker-3: Loading available Gradle versions] INFO  o.e.b.c.i.u.g.PublishedGradleVersions - Gradle version information cache is up-to-date. Trying to read.
2022-08-10 08:54:48,241 [Worker-3: Loading available Gradle versions] INFO  o.e.b.c.i.u.g.PublishedGradleVersions - Gradle version information cache is up-to-date. Trying to read.
2022-08-12 12:16:05,014 [Worker-3: Loading available Gradle versions] INFO  o.e.b.c.i.u.g.PublishedGradleVersions - Gradle version information cache is up-to-date. Trying to read.
2022-08-14 11:00:39,506 [Worker-3: Loading available Gradle versions] INFO  o.e.b.c.i.u.g.PublishedGradleVersions - Gradle version information cache is out-of-date. Trying to update.
2022-08-14 11:22:51,458 [Worker-3: Loading available Gradle versions] INFO  o.e.b.c.i.u.g.PublishedGradleVersions - Gradle version information cache is up-to-date. Trying to read.
2022-08-14 11:57:17,339 [Worker-3: Loading available Gradle versions] INFO  o.e.b.c.i.u.g.PublishedGradleVersions - Gradle version information cache is up-to-date. Trying to read.
2022-08-17 19:17:24,558 [Worker-3: Loading available Gradle versions] INFO  o.e.b.c.i.u.g.PublishedGradleVersions - Gradle version information cache is out-of-date. Trying to update.
2022-08-18 14:34:17,236 [Worker-3: Loading available Gradle versions] INFO  o.e.b.c.i.u.g.PublishedGradleVersions - Gradle version information cache is up-to-date. Trying to read.
2022-08-18 14:39:54,403 [Worker-3: Loading available Gradle versions] INFO  o.e.b.c.i.u.g.PublishedGradleVersions - Gradle version information cache is up-to-date. Trying to read.
2022-08-18 14:43:07,101 [Worker-2: Loading available Gradle versions] INFO  o.e.b.c.i.u.g.PublishedGradleVersions - Gradle version information cache is up-to-date. Trying to read.
2022-08-18 14:54:13,839 [Worker-3: Loading available Gradle versions] INFO  o.e.b.c.i.u.g.PublishedGradleVersions - Gradle version information cache is up-to-date. Trying to read.
2022-08-18 16:49:08,787 [Worker-3: Loading available Gradle versions] INFO  o.e.b.c.i.u.g.PublishedGradleVersions - Gradle version information cache is up-to-date. Trying to read.
2022-08-25 19:45:35,740 [Worker-3: Loading available Gradle versions] INFO  o.e.b.c.i.u.g.PublishedGradleVersions - Gradle version information cache is out-of-date. Trying to update.
